2020-10-18 14:21:02,865 INFO 5928 [egg-schedule]: register schedule D:\Project\Application-platform\server\node_modules\egg-multipart\app\schedule\clean_tmpdir.js
2020-10-18 14:21:02,865 INFO 5928 [egg-schedule]: register schedule D:\Project\Application-platform\server\node_modules\egg-logrotator\app\schedule\clean_log.js
2020-10-18 14:21:02,865 INFO 5928 [egg-schedule]: register schedule D:\Project\Application-platform\server\node_modules\egg-logrotator\app\schedule\rotate_by_file.js
2020-10-18 14:30:49,279 INFO 15964 [egg-schedule]: register schedule D:\Project\Application-platform\server\node_modules\egg-multipart\app\schedule\clean_tmpdir.js
2020-10-18 14:30:49,279 INFO 15964 [egg-schedule]: register schedule D:\Project\Application-platform\server\node_modules\egg-logrotator\app\schedule\clean_log.js
2020-10-18 14:30:49,279 INFO 15964 [egg-schedule]: register schedule D:\Project\Application-platform\server\node_modules\egg-logrotator\app\schedule\rotate_by_file.js
2020-10-18 14:30:50,538 INFO 8524 [Timer] D:\Project\Application-platform\server\node_modules\egg-multipart\app\schedule\clean_tmpdir.js next time will execute after 50349469ms at 2020-10-19 04:30:00.007
2020-10-18 14:30:50,539 INFO 8524 [Timer] D:\Project\Application-platform\server\node_modules\egg-logrotator\app\schedule\clean_log.js next time will execute after 34149462ms at 2020-10-19 00:00:00.001
2020-10-18 14:30:50,540 INFO 8524 [Timer] D:\Project\Application-platform\server\node_modules\egg-logrotator\app\schedule\rotate_by_file.js next time will execute after 34150461ms at 2020-10-19 00:00:01.000
2020-10-18 14:31:00,710 INFO 12744 [egg-schedule]: register schedule D:\Project\Application-platform\server\node_modules\egg-multipart\app\schedule\clean_tmpdir.js
2020-10-18 14:31:00,710 INFO 12744 [egg-schedule]: register schedule D:\Project\Application-platform\server\node_modules\egg-logrotator\app\schedule\clean_log.js
2020-10-18 14:31:00,710 INFO 12744 [egg-schedule]: register schedule D:\Project\Application-platform\server\node_modules\egg-logrotator\app\schedule\rotate_by_file.js
2020-10-18 14:31:04,208 INFO 5220 [egg-schedule]: register schedule D:\Project\Application-platform\server\node_modules\egg-multipart\app\schedule\clean_tmpdir.js
2020-10-18 14:31:04,208 INFO 5220 [egg-schedule]: register schedule D:\Project\Application-platform\server\node_modules\egg-logrotator\app\schedule\clean_log.js
2020-10-18 14:31:04,208 INFO 5220 [egg-schedule]: register schedule D:\Project\Application-platform\server\node_modules\egg-logrotator\app\schedule\rotate_by_file.js
2020-10-18 14:31:09,903 INFO 2412 [egg-schedule]: register schedule D:\Project\Application-platform\server\node_modules\egg-multipart\app\schedule\clean_tmpdir.js
2020-10-18 14:31:09,903 INFO 2412 [egg-schedule]: register schedule D:\Project\Application-platform\server\node_modules\egg-logrotator\app\schedule\clean_log.js
2020-10-18 14:31:09,903 INFO 2412 [egg-schedule]: register schedule D:\Project\Application-platform\server\node_modules\egg-logrotator\app\schedule\rotate_by_file.js
2020-10-18 16:19:37,070 INFO 10204 [egg-schedule]: register schedule D:\Project\Application-platform\server\node_modules\egg-multipart\app\schedule\clean_tmpdir.js
2020-10-18 16:19:37,070 INFO 10204 [egg-schedule]: register schedule D:\Project\Application-platform\server\node_modules\egg-logrotator\app\schedule\clean_log.js
2020-10-18 16:19:37,070 INFO 10204 [egg-schedule]: register schedule D:\Project\Application-platform\server\node_modules\egg-logrotator\app\schedule\rotate_by_file.js
2020-10-18 16:19:43,352 INFO 5788 [egg-schedule]: register schedule D:\Project\Application-platform\server\node_modules\egg-multipart\app\schedule\clean_tmpdir.js
2020-10-18 16:19:43,352 INFO 5788 [egg-schedule]: register schedule D:\Project\Application-platform\server\node_modules\egg-logrotator\app\schedule\clean_log.js
2020-10-18 16:19:43,352 INFO 5788 [egg-schedule]: register schedule D:\Project\Application-platform\server\node_modules\egg-logrotator\app\schedule\rotate_by_file.js
2020-10-18 17:55:16,330 INFO 17660 [egg-schedule]: register schedule D:\Project\Application-platform\server\node_modules\egg-multipart\app\schedule\clean_tmpdir.js
2020-10-18 17:55:16,330 INFO 17660 [egg-schedule]: register schedule D:\Project\Application-platform\server\node_modules\egg-logrotator\app\schedule\clean_log.js
2020-10-18 17:55:16,330 INFO 17660 [egg-schedule]: register schedule D:\Project\Application-platform\server\node_modules\egg-logrotator\app\schedule\rotate_by_file.js
2020-10-18 17:55:18,449 INFO 5708 [Timer] D:\Project\Application-platform\server\node_modules\egg-multipart\app\schedule\clean_tmpdir.js next time will execute after 38081563ms at 2020-10-19 04:30:00.012
2020-10-18 17:55:18,450 INFO 5708 [Timer] D:\Project\Application-platform\server\node_modules\egg-logrotator\app\schedule\clean_log.js next time will execute after 21881551ms at 2020-10-19 00:00:00.001
2020-10-18 17:55:18,451 INFO 5708 [Timer] D:\Project\Application-platform\server\node_modules\egg-logrotator\app\schedule\rotate_by_file.js next time will execute after 21882550ms at 2020-10-19 00:00:01.001
2020-10-18 18:03:40,442 INFO 13860 [egg-schedule]: register schedule D:\Project\Application-platform\server\node_modules\egg-multipart\app\schedule\clean_tmpdir.js
2020-10-18 18:03:40,442 INFO 13860 [egg-schedule]: register schedule D:\Project\Application-platform\server\node_modules\egg-logrotator\app\schedule\clean_log.js
2020-10-18 18:03:40,442 INFO 13860 [egg-schedule]: register schedule D:\Project\Application-platform\server\node_modules\egg-logrotator\app\schedule\rotate_by_file.js
2020-10-18 18:03:43,079 INFO 8264 [Timer] D:\Project\Application-platform\server\node_modules\egg-multipart\app\schedule\clean_tmpdir.js next time will execute after 37576929ms at 2020-10-19 04:30:00.008
2020-10-18 18:03:43,080 INFO 8264 [Timer] D:\Project\Application-platform\server\node_modules\egg-logrotator\app\schedule\clean_log.js next time will execute after 21376921ms at 2020-10-19 00:00:00.001
2020-10-18 18:03:43,081 INFO 8264 [Timer] D:\Project\Application-platform\server\node_modules\egg-logrotator\app\schedule\rotate_by_file.js next time will execute after 21377920ms at 2020-10-19 00:00:01.001
2020-10-18 18:18:20,328 INFO 18304 [egg-schedule]: register schedule D:\Project\Application-platform\server\node_modules\egg-multipart\app\schedule\clean_tmpdir.js
2020-10-18 18:18:20,328 INFO 18304 [egg-schedule]: register schedule D:\Project\Application-platform\server\node_modules\egg-logrotator\app\schedule\clean_log.js
2020-10-18 18:18:20,328 INFO 18304 [egg-schedule]: register schedule D:\Project\Application-platform\server\node_modules\egg-logrotator\app\schedule\rotate_by_file.js
2020-10-18 18:18:21,547 INFO 16120 [Timer] D:\Project\Application-platform\server\node_modules\egg-multipart\app\schedule\clean_tmpdir.js next time will execute after 36698461ms at 2020-10-19 04:30:00.008
2020-10-18 18:18:21,549 INFO 16120 [Timer] D:\Project\Application-platform\server\node_modules\egg-logrotator\app\schedule\clean_log.js next time will execute after 20498453ms at 2020-10-19 00:00:00.002
2020-10-18 18:18:21,550 INFO 16120 [Timer] D:\Project\Application-platform\server\node_modules\egg-logrotator\app\schedule\rotate_by_file.js next time will execute after 20499451ms at 2020-10-19 00:00:01.001
2020-10-18 18:23:18,739 INFO 15828 [egg-schedule]: register schedule D:\Project\Application-platform\server\node_modules\egg-multipart\app\schedule\clean_tmpdir.js
2020-10-18 18:23:18,739 INFO 15828 [egg-schedule]: register schedule D:\Project\Application-platform\server\node_modules\egg-logrotator\app\schedule\clean_log.js
2020-10-18 18:23:18,739 INFO 15828 [egg-schedule]: register schedule D:\Project\Application-platform\server\node_modules\egg-logrotator\app\schedule\rotate_by_file.js
2020-10-18 18:23:19,767 INFO 18376 [Timer] D:\Project\Application-platform\server\node_modules\egg-multipart\app\schedule\clean_tmpdir.js next time will execute after 36400241ms at 2020-10-19 04:30:00.008
2020-10-18 18:23:19,768 INFO 18376 [Timer] D:\Project\Application-platform\server\node_modules\egg-logrotator\app\schedule\clean_log.js next time will execute after 20200233ms at 2020-10-19 00:00:00.001
2020-10-18 18:23:19,768 INFO 18376 [Timer] D:\Project\Application-platform\server\node_modules\egg-logrotator\app\schedule\rotate_by_file.js next time will execute after 20201232ms at 2020-10-19 00:00:01.000
2020-10-18 18:43:02,797 INFO 16776 [egg-schedule]: register schedule D:\Project\Application-platform\server\node_modules\egg-multipart\app\schedule\clean_tmpdir.js
2020-10-18 18:43:02,797 INFO 16776 [egg-schedule]: register schedule D:\Project\Application-platform\server\node_modules\egg-logrotator\app\schedule\clean_log.js
2020-10-18 18:43:02,797 INFO 16776 [egg-schedule]: register schedule D:\Project\Application-platform\server\node_modules\egg-logrotator\app\schedule\rotate_by_file.js
2020-10-18 18:43:04,345 INFO 18464 [Timer] D:\Project\Application-platform\server\node_modules\egg-multipart\app\schedule\clean_tmpdir.js next time will execute after 35215661ms at 2020-10-19 04:30:00.006
2020-10-18 18:43:04,346 INFO 18464 [Timer] D:\Project\Application-platform\server\node_modules\egg-logrotator\app\schedule\clean_log.js next time will execute after 19015655ms at 2020-10-19 00:00:00.001
2020-10-18 18:43:04,346 INFO 18464 [Timer] D:\Project\Application-platform\server\node_modules\egg-logrotator\app\schedule\rotate_by_file.js next time will execute after 19016654ms at 2020-10-19 00:00:01.000
2020-10-18 18:45:28,281 INFO 9164 [egg-schedule]: register schedule D:\Project\Application-platform\server\node_modules\egg-multipart\app\schedule\clean_tmpdir.js
2020-10-18 18:45:28,281 INFO 9164 [egg-schedule]: register schedule D:\Project\Application-platform\server\node_modules\egg-logrotator\app\schedule\clean_log.js
2020-10-18 18:45:28,281 INFO 9164 [egg-schedule]: register schedule D:\Project\Application-platform\server\node_modules\egg-logrotator\app\schedule\rotate_by_file.js
2020-10-18 18:48:11,911 INFO 6044 [egg-schedule]: register schedule D:\Project\Application-platform\server\node_modules\egg-multipart\app\schedule\clean_tmpdir.js
2020-10-18 18:48:11,911 INFO 6044 [egg-schedule]: register schedule D:\Project\Application-platform\server\node_modules\egg-logrotator\app\schedule\clean_log.js
2020-10-18 18:48:11,911 INFO 6044 [egg-schedule]: register schedule D:\Project\Application-platform\server\node_modules\egg-logrotator\app\schedule\rotate_by_file.js
2020-10-18 18:59:27,511 INFO 16680 [egg-schedule]: register schedule D:\Project\Application-platform\server\node_modules\egg-multipart\app\schedule\clean_tmpdir.js
2020-10-18 18:59:27,511 INFO 16680 [egg-schedule]: register schedule D:\Project\Application-platform\server\node_modules\egg-logrotator\app\schedule\clean_log.js
2020-10-18 18:59:27,512 INFO 16680 [egg-schedule]: register schedule D:\Project\Application-platform\server\node_modules\egg-logrotator\app\schedule\rotate_by_file.js
2020-10-18 18:59:33,511 INFO 1356 [egg-schedule]: register schedule D:\Project\Application-platform\server\node_modules\egg-multipart\app\schedule\clean_tmpdir.js
2020-10-18 18:59:33,511 INFO 1356 [egg-schedule]: register schedule D:\Project\Application-platform\server\node_modules\egg-logrotator\app\schedule\clean_log.js
2020-10-18 18:59:33,511 INFO 1356 [egg-schedule]: register schedule D:\Project\Application-platform\server\node_modules\egg-logrotator\app\schedule\rotate_by_file.js
2020-10-18 18:59:44,196 INFO 13504 [egg-schedule]: register schedule D:\Project\Application-platform\server\node_modules\egg-multipart\app\schedule\clean_tmpdir.js
2020-10-18 18:59:44,196 INFO 13504 [egg-schedule]: register schedule D:\Project\Application-platform\server\node_modules\egg-logrotator\app\schedule\clean_log.js
2020-10-18 18:59:44,196 INFO 13504 [egg-schedule]: register schedule D:\Project\Application-platform\server\node_modules\egg-logrotator\app\schedule\rotate_by_file.js
2020-10-18 19:00:21,334 INFO 17616 [egg-schedule]: register schedule D:\Project\Application-platform\server\node_modules\egg-multipart\app\schedule\clean_tmpdir.js
2020-10-18 19:00:21,334 INFO 17616 [egg-schedule]: register schedule D:\Project\Application-platform\server\node_modules\egg-logrotator\app\schedule\clean_log.js
2020-10-18 19:00:21,334 INFO 17616 [egg-schedule]: register schedule D:\Project\Application-platform\server\node_modules\egg-logrotator\app\schedule\rotate_by_file.js
2020-10-18 19:00:23,377 INFO 6024 [Timer] D:\Project\Application-platform\server\node_modules\egg-multipart\app\schedule\clean_tmpdir.js next time will execute after 34176632ms at 2020-10-19 04:30:00.009
2020-10-18 19:00:23,379 INFO 6024 [Timer] D:\Project\Application-platform\server\node_modules\egg-logrotator\app\schedule\clean_log.js next time will execute after 17976622ms at 2020-10-19 00:00:00.001
2020-10-18 19:00:23,380 INFO 6024 [Timer] D:\Project\Application-platform\server\node_modules\egg-logrotator\app\schedule\rotate_by_file.js next time will execute after 17977621ms at 2020-10-19 00:00:01.001
2020-10-18 19:02:05,432 INFO 17656 [egg-schedule]: register schedule D:\Project\Application-platform\server\node_modules\egg-multipart\app\schedule\clean_tmpdir.js
2020-10-18 19:02:05,432 INFO 17656 [egg-schedule]: register schedule D:\Project\Application-platform\server\node_modules\egg-logrotator\app\schedule\clean_log.js
2020-10-18 19:02:05,432 INFO 17656 [egg-schedule]: register schedule D:\Project\Application-platform\server\node_modules\egg-logrotator\app\schedule\rotate_by_file.js
2020-10-18 19:02:22,946 INFO 11868 [egg-schedule]: register schedule D:\Project\Application-platform\server\node_modules\egg-multipart\app\schedule\clean_tmpdir.js
2020-10-18 19:02:22,946 INFO 11868 [egg-schedule]: register schedule D:\Project\Application-platform\server\node_modules\egg-logrotator\app\schedule\clean_log.js
2020-10-18 19:02:22,946 INFO 11868 [egg-schedule]: register schedule D:\Project\Application-platform\server\node_modules\egg-logrotator\app\schedule\rotate_by_file.js
2020-10-18 19:02:36,061 INFO 10896 [egg-schedule]: register schedule D:\Project\Application-platform\server\node_modules\egg-multipart\app\schedule\clean_tmpdir.js
2020-10-18 19:02:36,061 INFO 10896 [egg-schedule]: register schedule D:\Project\Application-platform\server\node_modules\egg-logrotator\app\schedule\clean_log.js
2020-10-18 19:02:36,061 INFO 10896 [egg-schedule]: register schedule D:\Project\Application-platform\server\node_modules\egg-logrotator\app\schedule\rotate_by_file.js
2020-10-18 19:02:54,993 INFO 15904 [egg-schedule]: register schedule D:\Project\Application-platform\server\node_modules\egg-multipart\app\schedule\clean_tmpdir.js
2020-10-18 19:02:54,994 INFO 15904 [egg-schedule]: register schedule D:\Project\Application-platform\server\node_modules\egg-logrotator\app\schedule\clean_log.js
2020-10-18 19:02:54,994 INFO 15904 [egg-schedule]: register schedule D:\Project\Application-platform\server\node_modules\egg-logrotator\app\schedule\rotate_by_file.js
2020-10-18 19:02:56,251 INFO 6744 [Timer] D:\Project\Application-platform\server\node_modules\egg-multipart\app\schedule\clean_tmpdir.js next time will execute after 34023755ms at 2020-10-19 04:30:00.006
2020-10-18 19:02:56,252 INFO 6744 [Timer] D:\Project\Application-platform\server\node_modules\egg-logrotator\app\schedule\clean_log.js next time will execute after 17823748ms at 2020-10-19 00:00:00.000
2020-10-18 19:02:56,253 INFO 6744 [Timer] D:\Project\Application-platform\server\node_modules\egg-logrotator\app\schedule\rotate_by_file.js next time will execute after 17824748ms at 2020-10-19 00:00:01.001
2020-10-18 19:39:15,824 INFO 4472 [egg-schedule]: register schedule D:\Project\Application-platform\server\node_modules\egg-multipart\app\schedule\clean_tmpdir.js
2020-10-18 19:39:15,824 INFO 4472 [egg-schedule]: register schedule D:\Project\Application-platform\server\node_modules\egg-logrotator\app\schedule\clean_log.js
2020-10-18 19:39:15,824 INFO 4472 [egg-schedule]: register schedule D:\Project\Application-platform\server\node_modules\egg-logrotator\app\schedule\rotate_by_file.js
2020-10-18 19:39:17,369 INFO 8828 [Timer] D:\Project\Application-platform\server\node_modules\egg-multipart\app\schedule\clean_tmpdir.js next time will execute after 31842641ms at 2020-10-19 04:30:00.010
2020-10-18 19:39:17,370 INFO 8828 [Timer] D:\Project\Application-platform\server\node_modules\egg-logrotator\app\schedule\clean_log.js next time will execute after 15642630ms at 2020-10-19 00:00:00.000
2020-10-18 19:39:17,372 INFO 8828 [Timer] D:\Project\Application-platform\server\node_modules\egg-logrotator\app\schedule\rotate_by_file.js next time will execute after 15643629ms at 2020-10-19 00:00:01.001
2020-10-18 19:43:16,673 INFO 19056 [egg-schedule]: register schedule D:\Project\Application-platform\server\node_modules\egg-multipart\app\schedule\clean_tmpdir.js
2020-10-18 19:43:16,673 INFO 19056 [egg-schedule]: register schedule D:\Project\Application-platform\server\node_modules\egg-logrotator\app\schedule\clean_log.js
2020-10-18 19:43:16,673 INFO 19056 [egg-schedule]: register schedule D:\Project\Application-platform\server\node_modules\egg-logrotator\app\schedule\rotate_by_file.js
